# JRE version: Java(TM) SE Runtime Environment (8.0_51-b16) (build 1.8.0_51-b16)
# Java VM: Java HotSpot(TM) 64-Bit Server VM (25.51-b03 mixed mode windows-amd64 compressed oops)
Heap:
 PSYoungGen      total 16896K, used 380K [0x00000000eb700000, 0x00000000ec880000, 0x0000000100000000)
  eden space 15872K, 1% used [0x00000000eb700000,0x00000000eb74f368,0x00000000ec680000)
  from space 1024K, 6% used [0x00000000ec680000,0x00000000ec690000,0x00000000ec780000)
  to   space 1024K, 0% used [0x00000000ec780000,0x00000000ec780000,0x00000000ec880000)
 ParOldGen       total 42496K, used 5350K [0x00000000c2400000, 0x00000000c4d80000, 0x00000000eb700000)
  object space 42496K, 12% used [0x00000000c2400000,0x00000000c2939800,0x00000000c4d80000)
 Metaspace       used 9198K, capacity 9342K, committed 9600K, reserved 1058816K
  class space    used 1058K, capacity 1125K, committed 1152K, reserved 1048576K
GC Heap History (10 events):
Event: 6126.306 GC heap before
{Heap before GC invocations=31 (full 0):
 PSYoungGen      total 16896K, used 15904K [0x00000000eb700000, 0x00000000ec880000, 0x0000000100000000)
  eden space 15872K, 100% used [0x00000000eb700000,0x00000000ec680000,0x00000000ec680000)
  from space 1024K, 3% used [0x00000000ec780000,0x00000000ec788000,0x00000000ec880000)
  to   space 1024K, 0% used [0x00000000ec680000,0x00000000ec680000,0x00000000ec780000)
 ParOldGen       total 42496K, used 5350K [0x00000000c2400000, 0x00000000c4d80000, 0x00000000eb700000)
  object space 42496K, 12% used [0x00000000c2400000,0x00000000c2939800,0x00000000c4d80000)
 Metaspace       used 9198K, capacity 9342K, committed 9600K, reserved 1058816K
  class space    used 1058K, capacity 1125K, committed 1152K, reserved 1048576K
Event: 6126.307 GC heap after
Heap after GC invocations=31 (full 0):
 PSYoungGen      total 16896K, used 32K [0x00000000eb700000, 0x00000000ec880000, 0x0000000100000000)
  eden space 15872K, 0% used [0x00000000eb700000,0x00000000eb700000,0x00000000ec680000)
  from space 1024K, 3% used [0x00000000ec680000,0x00000000ec688000,0x00000000ec780000)
  to   space 1024K, 0% used [0x00000000ec780000,0x00000000ec780000,0x00000000ec880000)
 ParOldGen       total 42496K, used 5350K [0x00000000c2400000, 0x00000000c4d80000, 0x00000000eb700000)
  object space 42496K, 12% used [0x00000000c2400000,0x00000000c2939800,0x00000000c4d80000)
 Metaspace       used 9198K, capacity 9342K, committed 9600K, reserved 1058816K
  class space    used 1058K, capacity 1125K, committed 1152K, reserved 1048576K
}
Event: 6330.644 GC heap before
{Heap before GC invocations=32 (full 0):
 PSYoungGen      total 16896K, used 15904K [0x00000000eb700000, 0x00000000ec880000, 0x0000000100000000)
  eden space 15872K, 100% used [0x00000000eb700000,0x00000000ec680000,0x00000000ec680000)
  from space 1024K, 3% used [0x00000000ec680000,0x00000000ec688000,0x00000000ec780000)
  to   space 1024K, 0% used [0x00000000ec780000,0x00000000ec780000,0x00000000ec880000)
 ParOldGen       total 42496K, used 5350K [0x00000000c2400000, 0x00000000c4d80000, 0x00000000eb700000)
  object space 42496K, 12% used [0x00000000c2400000,0x00000000c2939800,0x00000000c4d80000)
 Metaspace       used 9198K, capacity 9342K, committed 9600K, reserved 1058816K
  class space    used 1058K, capacity 1125K, committed 1152K, reserved 1048576K
Event: 6330.660 GC heap after
Heap after GC invocations=32 (full 0):
 PSYoungGen      total 16896K, used 64K [0x00000000eb700000, 0x00000000ec880000, 0x0000000100000000)
  eden space 15872K, 0% used [0x00000000eb700000,0x00000000eb700000,0x00000000ec680000)
  from space 1024K, 6% used [0x00000000ec780000,0x00000000ec790000,0x00000000ec880000)
  to   space 1024K, 0% used [0x00000000ec680000,0x00000000ec680000,0x00000000ec780000)
 ParOldGen       total 42496K, used 5350K [0x00000000c2400000, 0x00000000c4d80000, 0x00000000eb700000)
  object space 42496K, 12% used [0x00000000c2400000,0x00000000c2939800,0x00000000c4d80000)
 Metaspace       used 9198K, capacity 9342K, committed 9600K, reserved 1058816K
  class space    used 1058K, capacity 1125K, committed 1152K, reserved 1048576K
}
Event: 6537.836 GC heap before
{Heap before GC invocations=33 (full 0):
 PSYoungGen      total 16896K, used 15936K [0x00000000eb700000, 0x00000000ec880000, 0x0000000100000000)
  eden space 15872K, 100% used [0x00000000eb700000,0x00000000ec680000,0x00000000ec680000)
  from space 1024K, 6% used [0x00000000ec780000,0x00000000ec790000,0x00000000ec880000)
  to   space 1024K, 0% used [0x00000000ec680000,0x00000000ec680000,0x00000000ec780000)
 ParOldGen       total 42496K, used 5350K [0x00000000c2400000, 0x00000000c4d80000, 0x00000000eb700000)
  object space 42496K, 12% used [0x00000000c2400000,0x00000000c2939800,0x00000000c4d80000)
 Metaspace       used 9198K, capacity 9342K, committed 9600K, reserved 1058816K
  class space    used 1058K, capacity 1125K, committed 1152K, reserved 1048576K
Event: 6537.838 GC heap after
Heap after GC invocations=33 (full 0):
 PSYoungGen      total 16896K, used 32K [0x00000000eb700000, 0x00000000ec880000, 0x0000000100000000)
  eden space 15872K, 0% used [0x00000000eb700000,0x00000000eb700000,0x00000000ec680000)
  from space 1024K, 3% used [0x00000000ec680000,0x00000000ec688000,0x00000000ec780000)
  to   space 1024K, 0% used [0x00000000ec780000,0x00000000ec780000,0x00000000ec880000)
 ParOldGen       total 42496K, used 5350K [0x00000000c2400000, 0x00000000c4d80000, 0x00000000eb700000)
  object space 42496K, 12% used [0x00000000c2400000,0x00000000c2939800,0x00000000c4d80000)
 Metaspace       used 9198K, capacity 9342K, committed 9600K, reserved 1058816K
  class space    used 1058K, capacity 1125K, committed 1152K, reserved 1048576K
}
Event: 6802.376 GC heap before
{Heap before GC invocations=34 (full 0):
 PSYoungGen      total 16896K, used 15904K [0x00000000eb700000, 0x00000000ec880000, 0x0000000100000000)
  eden space 15872K, 100% used [0x00000000eb700000,0x00000000ec680000,0x00000000ec680000)
  from space 1024K, 3% used [0x00000000ec680000,0x00000000ec688000,0x00000000ec780000)
  to   space 1024K, 0% used [0x00000000ec780000,0x00000000ec780000,0x00000000ec880000)
 ParOldGen       total 42496K, used 5350K [0x00000000c2400000, 0x00000000c4d80000, 0x00000000eb700000)
  object space 42496K, 12% used [0x00000000c2400000,0x00000000c2939800,0x00000000c4d80000)
 Metaspace       used 9198K, capacity 9342K, committed 9600K, reserved 1058816K
  class space    used 1058K, capacity 1125K, committed 1152K, reserved 1048576K
Event: 6802.471 GC heap after
Heap after GC invocations=34 (full 0):
 PSYoungGen      total 16896K, used 64K [0x00000000eb700000, 0x00000000ec880000, 0x0000000100000000)
  eden space 15872K, 0% used [0x00000000eb700000,0x00000000eb700000,0x00000000ec680000)
  from space 1024K, 6% used [0x00000000ec780000,0x00000000ec790000,0x00000000ec880000)
  to   space 1024K, 0% used [0x00000000ec680000,0x00000000ec680000,0x00000000ec780000)
 ParOldGen       total 42496K, used 5350K [0x00000000c2400000, 0x00000000c4d80000, 0x00000000eb700000)
  object space 42496K, 12% used [0x00000000c2400000,0x00000000c2939800,0x00000000c4d80000)
 Metaspace       used 9198K, capacity 9342K, committed 9600K, reserved 1058816K
  class space    used 1058K, capacity 1125K, committed 1152K, reserved 1048576K
}
Event: 7014.572 GC heap before
{Heap before GC invocations=35 (full 0):
 PSYoungGen      total 16896K, used 15936K [0x00000000eb700000, 0x00000000ec880000, 0x0000000100000000)
  eden space 15872K, 100% used [0x00000000eb700000,0x00000000ec680000,0x00000000ec680000)
  from space 1024K, 6% used [0x00000000ec780000,0x00000000ec790000,0x00000000ec880000)
  to   space 1024K, 0% used [0x00000000ec680000,0x00000000ec680000,0x00000000ec780000)
 ParOldGen       total 42496K, used 5350K [0x00000000c2400000, 0x00000000c4d80000, 0x00000000eb700000)
  object space 42496K, 12% used [0x00000000c2400000,0x00000000c2939800,0x00000000c4d80000)
 Metaspace       used 9198K, capacity 9342K, committed 9600K, reserved 1058816K
  class space    used 1058K, capacity 1125K, committed 1152K, reserved 1048576K
Event: 7014.772 GC heap after
Heap after GC invocations=35 (full 0):
 PSYoungGen      total 16896K, used 64K [0x00000000eb700000, 0x00000000ec880000, 0x0000000100000000)
  eden space 15872K, 0% used [0x00000000eb700000,0x00000000eb700000,0x00000000ec680000)
  from space 1024K, 6% used [0x00000000ec680000,0x00000000ec690000,0x00000000ec780000)
  to   space 1024K, 0% used [0x00000000ec780000,0x00000000ec780000,0x00000000ec880000)
 ParOldGen       total 42496K, used 5350K [0x00000000c2400000, 0x00000000c4d80000, 0x00000000eb700000)
  object space 42496K, 12% used [0x00000000c2400000,0x00000000c2939800,0x00000000c4d80000)
 Metaspace       used 9198K, capacity 9342K, committed 9600K, reserved 1058816K
  class space    used 1058K, capacity 1125K, committed 1152K, reserved 1048576K
}

